<?xml version="1.0" encoding="UTF-8"?>
<!-- Generated by org.testng.reporters.JUnitReportReporter -->
<testsuite hostname="tenet" failures="0" tests="1" name="com.honestfood.mamacita.tc.MamacitaTC" time="3.649" errors="0" timestamp="1 May 2021 10:19:16 GMT">
  <testcase classname="com.honestfood.mamacita.tc.MamacitaTC" name="addMamaCitaProductToCart" time="3.649"/>
</testsuite> <!-- com.honestfood.mamacita.tc.MamacitaTC -->
